2022-09-21 15:51:27,596 DEBUG [main] InternalLoggerFactory:89 - Using Log4J as the default logging framework
2022-09-21 15:51:27,613 DEBUG [main] ResourceLeakDetector:129 - -Dio.netty.leakDetection.level: simple
2022-09-21 15:51:27,614 DEBUG [main] ResourceLeakDetector:130 - -Dio.netty.leakDetection.targetRecords: 4
2022-09-21 15:51:27,625 DEBUG [main] ResourceLeakDetectorFactory:196 - Loaded default ResourceLeakDetector: io.netty.util.ResourceLeakDetector@41de5768
2022-09-21 15:51:27,672 DEBUG [main] PlatformDependent0:495 - -Dio.netty.noUnsafe: false
2022-09-21 15:51:27,673 DEBUG [main] PlatformDependent0:998 - Java version: 16
2022-09-21 15:51:27,676 DEBUG [main] PlatformDependent0:136 - sun.misc.Unsafe.theUnsafe: available
2022-09-21 15:51:27,679 DEBUG [main] PlatformDependent0:160 - sun.misc.Unsafe.copyMemory: available
2022-09-21 15:51:27,681 DEBUG [main] PlatformDependent0:192 - sun.misc.Unsafe.storeFence: available
2022-09-21 15:51:27,683 DEBUG [main] PlatformDependent0:235 - java.nio.Buffer.address: available
2022-09-21 15:51:27,686 DEBUG [main] PlatformDependent0:319 - direct buffer constructor: unavailable: Reflective setAccessible(true) disabled
2022-09-21 15:51:27,688 DEBUG [main] PlatformDependent0:384 - java.nio.Bits.unaligned: available, true
2022-09-21 15:51:27,692 DEBUG [main] PlatformDependent0:451 - jdk.internal.misc.Unsafe.allocateUninitializedArray(int): unavailable: class io.netty.util.internal.PlatformDependent0$7 cannot access class jdk.internal.misc.Unsafe (in module java.base) because module java.base does not export jdk.internal.misc to unnamed module @5f205aa
2022-09-21 15:51:27,696 DEBUG [main] PlatformDependent0:481 - java.nio.DirectByteBuffer.<init>(long, int): unavailable
2022-09-21 15:51:27,697 DEBUG [main] PlatformDependent:1120 - sun.misc.Unsafe: available
2022-09-21 15:51:27,740 DEBUG [main] PlatformDependent:1231 - maxDirectMemory: 1042284544 bytes (maybe)
2022-09-21 15:51:27,744 DEBUG [main] PlatformDependent:1250 - -Dio.netty.tmpdir: C:\Users\admin\AppData\Local\Temp (java.io.tmpdir)
2022-09-21 15:51:27,745 DEBUG [main] PlatformDependent:1329 - -Dio.netty.bitMode: 64 (sun.arch.data.model)
2022-09-21 15:51:27,746 DEBUG [main] PlatformDependent:1080 - Platform: Windows
2022-09-21 15:51:27,749 DEBUG [main] PlatformDependent:178 - -Dio.netty.maxDirectMemory: -1 bytes
2022-09-21 15:51:27,751 DEBUG [main] PlatformDependent:185 - -Dio.netty.uninitializedArrayAllocationThreshold: -1
2022-09-21 15:51:27,755 DEBUG [main] CleanerJava9:71 - java.nio.ByteBuffer.cleaner(): available
2022-09-21 15:51:27,756 DEBUG [main] PlatformDependent:205 - -Dio.netty.noPreferDirect: false
2022-09-21 15:51:27,779 DEBUG [main] PlatformDependent:971 - org.jctools-core.MpscChunkedArrayQueue: available
2022-09-21 15:51:27,830 DEBUG [main] InternalThreadLocalMap:86 - -Dio.netty.threadLocalMap.stringBuilder.initialSize: 1024
2022-09-21 15:51:27,832 DEBUG [main] InternalThreadLocalMap:89 - -Dio.netty.threadLocalMap.stringBuilder.maxSize: 4096
2022-09-21 15:51:27,943 DEBUG [main] JdkSslContext:83 - Default protocols (JDK): [TLSv1.3, TLSv1.2] 
2022-09-21 15:51:27,944 DEBUG [main] JdkSslContext:84 - Default cipher suites (JDK): [TLS_ECDHE_ECDSA_WITH_AES_256_GCM_SHA384, TLS_ECDHE_ECDSA_WITH_AES_128_GCM_SHA256, TLS_ECDHE_RSA_WITH_AES_128_GCM_SHA256, TLS_ECDHE_RSA_WITH_AES_256_GCM_SHA384, TLS_ECDHE_RSA_WITH_AES_128_CBC_SHA, TLS_ECDHE_RSA_WITH_AES_256_CBC_SHA, TLS_RSA_WITH_AES_128_GCM_SHA256, TLS_RSA_WITH_AES_128_CBC_SHA, TLS_RSA_WITH_AES_256_CBC_SHA, TLS_AES_128_GCM_SHA256, TLS_AES_256_GCM_SHA384]
2022-09-21 15:51:28,015 DEBUG [main] MultithreadEventLoopGroup:44 - -Dio.netty.eventLoopThreads: 8
2022-09-21 15:51:28,042 DEBUG [main] NioEventLoop:109 - -Dio.netty.noKeySetOptimization: false
2022-09-21 15:51:28,043 DEBUG [main] NioEventLoop:110 - -Dio.netty.selectorAutoRebuildThreshold: 512
2022-09-21 15:51:28,134 DEBUG [main] PooledByteBufAllocator:157 - -Dio.netty.allocator.numHeapArenas: 8
2022-09-21 15:51:28,135 DEBUG [main] PooledByteBufAllocator:158 - -Dio.netty.allocator.numDirectArenas: 8
2022-09-21 15:51:28,136 DEBUG [main] PooledByteBufAllocator:160 - -Dio.netty.allocator.pageSize: 8192
2022-09-21 15:51:28,137 DEBUG [main] PooledByteBufAllocator:165 - -Dio.netty.allocator.maxOrder: 9
2022-09-21 15:51:28,138 DEBUG [main] PooledByteBufAllocator:169 - -Dio.netty.allocator.chunkSize: 4194304
2022-09-21 15:51:28,139 DEBUG [main] PooledByteBufAllocator:170 - -Dio.netty.allocator.smallCacheSize: 256
2022-09-21 15:51:28,140 DEBUG [main] PooledByteBufAllocator:171 - -Dio.netty.allocator.normalCacheSize: 64
2022-09-21 15:51:28,141 DEBUG [main] PooledByteBufAllocator:172 - -Dio.netty.allocator.maxCachedBufferCapacity: 32768
2022-09-21 15:51:28,141 DEBUG [main] PooledByteBufAllocator:173 - -Dio.netty.allocator.cacheTrimInterval: 8192
2022-09-21 15:51:28,141 DEBUG [main] PooledByteBufAllocator:174 - -Dio.netty.allocator.cacheTrimIntervalMillis: 0
2022-09-21 15:51:28,142 DEBUG [main] PooledByteBufAllocator:175 - -Dio.netty.allocator.useCacheForAllThreads: false
2022-09-21 15:51:28,143 DEBUG [main] PooledByteBufAllocator:176 - -Dio.netty.allocator.maxCachedByteBuffersPerChunk: 1023
2022-09-21 15:51:28,171 DEBUG [main] ByteBufUtil:87 - -Dio.netty.allocator.type: pooled
2022-09-21 15:51:28,171 DEBUG [main] ByteBufUtil:96 - -Dio.netty.threadLocalDirectBufferSize: 0
2022-09-21 15:51:28,172 DEBUG [main] ByteBufUtil:99 - -Dio.netty.maxThreadLocalCharBufferSize: 16384
2022-09-21 15:51:29,848 DEBUG [Forwarding newSession on session null to remote] DefaultChannelId:79 - -Dio.netty.processId: 9656 (auto-detected)
2022-09-21 15:51:29,854 DEBUG [Forwarding newSession on session null to remote] NetUtil:136 - -Djava.net.preferIPv4Stack: false
2022-09-21 15:51:29,855 DEBUG [Forwarding newSession on session null to remote] NetUtil:137 - -Djava.net.preferIPv6Addresses: false
2022-09-21 15:51:29,880 DEBUG [Forwarding newSession on session null to remote] NetUtilInitializations:129 - Loopback interface: lo (Software Loopback Interface 1, 127.0.0.1)
2022-09-21 15:51:29,883 DEBUG [Forwarding newSession on session null to remote] NetUtil:191 - Failed to get SOMAXCONN from sysctl and file \proc\sys\net\core\somaxconn. Default: 200
2022-09-21 15:51:29,952 DEBUG [Forwarding newSession on session null to remote] DefaultChannelId:101 - -Dio.netty.machineId: bc:85:56:ff:fe:8c:4f:43 (auto-detected)
2022-09-21 15:51:30,091 DEBUG [AsyncHttpClient-1-2] AbstractByteBuf:63 - -Dio.netty.buffer.checkAccessible: true
2022-09-21 15:51:30,092 DEBUG [AsyncHttpClient-1-2] AbstractByteBuf:64 - -Dio.netty.buffer.checkBounds: true
2022-09-21 15:51:30,093 DEBUG [AsyncHttpClient-1-2] ResourceLeakDetectorFactory:196 - Loaded default ResourceLeakDetector: io.netty.util.ResourceLeakDetector@7588fb60
2022-09-21 15:51:30,157 DEBUG [AsyncHttpClient-1-2] Recycler:85 - -Dio.netty.recycler.maxCapacityPerThread: 4096
2022-09-21 15:51:30,158 DEBUG [AsyncHttpClient-1-2] Recycler:86 - -Dio.netty.recycler.ratio: 8
2022-09-21 15:51:30,159 DEBUG [AsyncHttpClient-1-2] Recycler:87 - -Dio.netty.recycler.chunkSize: 32
2022-09-21 15:51:30,160 DEBUG [AsyncHttpClient-1-2] Recycler:88 - -Dio.netty.recycler.blocking: false
2022-09-21 15:51:37,229 DEBUG [AsyncHttpClient-1-2] Brotli:38 - brotli4j not in the classpath; Brotli support will be unavailable.
2022-09-21 15:51:38,142 DEBUG [main] ThreadLocalRandom:214 - -Dio.netty.initialSeedUniquifier: 0xb28a7790256e648d
